<?xml version="1.0" encoding="UTF-8"?>
<!-- Generated by org.testng.reporters.JUnitXMLReporter -->
<testsuite ignored="2" hostname="DESKTOP-A5OTGBU" failures="0" tests="1" name="Default test" time="5.681" errors="0" timestamp="2021-02-17T15:35:41 IST">
  <testcase classname="GetCall.TC001_GET_Request" name="guru99Datachecking" time="5.652"/>
  <testcase classname="GetCall.TC001_GET_Request" name="googleMapTest" time="0.0">
    <ignored/>
  </testcase> <!-- googleMapTest -->
  <testcase classname="GetCall.TC001_GET_Request" name="getweatherDetails" time="0.0">
    <ignored/>
  </testcase> <!-- getweatherDetails -->
</testsuite> <!-- Default test -->
