<?xml version="1.0" encoding="UTF-8"?>
<testng-results ignored="2" total="3" passed="1" failed="0" skipped="0">
  <reporter-output>
  </reporter-output>
  <suite started-at="2021-02-17T15:35:35 IST" name="Default suite" finished-at="2021-02-17T15:35:41 IST" duration-ms="5681">
    <groups>
    </groups>
    <test started-at="2021-02-17T15:35:35 IST" name="Default test" finished-at="2021-02-17T15:35:41 IST" duration-ms="5681">
      <class name="GetCall.TC001_GET_Request">
        <test-method signature="guru99Datachecking()[pri:2, instance:GetCall.TC001_GET_Request@366647c2]" started-at="2021-02-17T15:35:35 IST" name="guru99Datachecking" finished-at="2021-02-17T15:35:41 IST" duration-ms="5652" status="PASS">
          <reporter-output>
          </reporter-output>
        </test-method> <!-- guru99Datachecking -->
      </class> <!-- GetCall.TC001_GET_Request -->
    </test> <!-- Default test -->
  </suite> <!-- Default suite -->
</testng-results>
